"exit-mach-rfile"
"Iteration" "exit-mach"
("Iteration" "exit-mach")
1000 2.925033118587076
1001 2.924878709844092
1002 2.924715778758999
1003 2.924544934068664
1004 2.924366838867052
1005 2.924182253362305
1006 2.923991918296557
1007 2.923796609317912
1008 2.923597091054067
1009 2.923394136558692
1010 2.923188479262667
1011 2.922980948217954
1012 2.922771984384389
1013 2.922562701070769
1014 2.922354086957995
1015 2.922146905178695
1016 2.921941877824614
1017 2.92173876306003
1018 2.921537646104925
1019 2.921339548508899
1020 2.921145553138096
1021 2.920956472080106
1022 2.920772593762703
1023 2.920593886995027
1024 2.920420041069987
1025 2.920251342481027
1026 2.92008843667611
1027 2.919932083280369
1028 2.91978251894845
1029 2.919639084255772
1030 2.919501736941123
1031 2.919370380757692
1032 2.919244991669239
1033 2.919125742122095
1034 2.919012975151209
1035 2.918906105999347
1036 2.918805226291163
1037 2.918710301093889
1038 2.918621631694857
1039 2.91853875571691
1040 2.918462134211953
1041 2.918392323955395
1042 2.918328231968471
1043 2.918269901399202
1044 2.918217492757004
1045 2.918171155727772
1046 2.918130831127093
1047 2.918096377954644
1048 2.918067734139149
1049 2.918044750143736
1050 2.918027203197534
1051 2.918014970938942
1052 2.918007960672734
1053 2.918006115490525
1054 2.918009128017042
1055 2.918016799868445
1056 2.918028788595238
1057 2.918044938170384
1058 2.918065079469648
1059 2.918088989645779
1060 2.918116514394031
1061 2.91814744898826
1062 2.918181625352151
1063 2.918218911760858
1064 2.918259154045717
1065 2.918302340631575
1066 2.918348310860462
1067 2.918396995102155
1068 2.918448296247315
1069 2.918502090591349
1070 2.91855817228444
1071 2.918616496455508
1072 2.918677393306988
1073 2.918740221388713
1074 2.918804407278559
1075 2.918869567529133
1076 2.918935417992327
1077 2.919001752244857
1078 2.919068337731952
1079 2.919135025217646
1080 2.919201825613235
1081 2.919268579825634
1082 2.91933513033099
1083 2.919401032968753
1084 2.919466532167067
1085 2.91953168619352
1086 2.919596540478031
1087 2.919661025172026
1088 2.91972503243782
1089 2.919788487685949
1090 2.919851155003281
1091 2.919912923361472
1092 2.919973706849323
1093 2.920033513034916
1094 2.920092441923949
1095 2.920150495853362
1096 2.920207551259692
1097 2.920263779956866
1098 2.920319021110142
1099 2.920373437470017
1100 2.920427048244961
1101 2.920479872914097
1102 2.920531831184702
1103 2.920583052552382
1104 2.920633636386448
1105 2.920683679526521
1106 2.920733279843337
1107 2.920782527266391
1108 2.9208314354053
1109 2.920880065096726
1110 2.920928288699814
1111 2.920976065619414
1112 2.921023407304901
1113 2.921070337458673
1114 2.921116817368949
1115 2.9211628714745
1116 2.921208405237254
1117 2.921253265277783
1118 2.921297544342449
1119 2.921341504610253
1120 2.921384676681058
1121 2.921426853303079
1122 2.921468029369386
1123 2.921507815120959
1124 2.921546293539923
1125 2.921583221692551
1126 2.921618673967532
1127 2.921652513258869
1128 2.921684884744161
1129 2.921715448870256
1130 2.921744291733475
1131 2.921771736484777
1132 2.921798322746564
1133 2.921824076412995
1134 2.921848956308592
1135 2.921873270390344
1136 2.921897164394
1137 2.921920814312141
1138 2.921944246857497
1139 2.921967870237151
1140 2.921991851285249
1141 2.922016267328057
1142 2.922041070655935
1143 2.922066335166137
1144 2.922092480399368
1145 2.922119931454531
1146 2.922148921669903
1147 2.922179317655917
1148 2.922211265478161
1149 2.922244900113712
1150 2.922280352317418
1151 2.922317547211452
1152 2.92235666237542
1153 2.922397738460533
1154 2.922441170036621
1155 2.92248688967845
1156 2.922534507035462
1157 2.922583704191797
1158 2.922634189798995
1159 2.922685899915068
1160 2.922738631128802
1161 2.922792140445325
1162 2.922846185575676
1163 2.922900353813772
1164 2.922954298348615
1165 2.923007585151743
1166 2.923059771178436
1167 2.923110403459366
1168 2.923158892923147
1169 2.923204911753542
1170 2.923247967737509
1171 2.923287674549968
1172 2.923323617716084
1173 2.92335532025114
1174 2.923382364036514
1175 2.923404379327077
1176 2.92342102416923
1177 2.923431959136862
1178 2.92343687433817
1179 2.923435648409555
1180 2.923428099075447
1181 2.923414054261643
1182 2.923393331655234
1183 2.923365834835127
1184 2.923331426267151
1185 2.923290171030046
1186 2.923242286530027
1187 2.923187947768745
1188 2.923127383346761
1189 2.923060762696784
1190 2.922988344998058
1191 2.922910481067001
1192 2.922827720920044
1193 2.922740543157188
1194 2.922649339670808
1195 2.922554650272894
1196 2.922456818846142
1197 2.922356436347249
1198 2.922254040777565
1199 2.922150139505615
1200 2.922045234666031
1201 2.921939752395382
1202 2.921834109520661
1203 2.921728693333246
1204 2.921623893865037
1205 2.9215199675532
1206 2.921417304466573
1207 2.921316389122514
1208 2.921217531585982
1209 2.921121038974159
1210 2.92102723045694
1211 2.920936222388807
1212 2.920848538449768
1213 2.920764430739534
1214 2.920684152436858
1215 2.920607892002034
1216 2.92053566929995
1217 2.920467578582168
1218 2.920403670829821
1219 2.920343909015757
1220 2.920288342827055
1221 2.920237005279158
1222 2.920189819323916
1223 2.920146790489317
1224 2.920107960364234
1225 2.920073152490625
1226 2.920042446467435
1227 2.920015646855125
1228 2.919992673829636
1229 2.919973427699616
1230 2.919957793482543
1231 2.919945605520226
1232 2.919936574284501
1233 2.919930503682908
1234 2.919927155621997
1235 2.919926223860886
1236 2.919927520848832
1237 2.919930850971933
1238 2.919936004306051
1239 2.919942871526299
1240 2.919951262408813
1241 2.919960953299683
1242 2.919971434141108
1243 2.91998236080486
1244 2.919993581080963
1245 2.920004894018222
1246 2.920016115176969
1247 2.920027053449091
1248 2.920037487824216
1249 2.920047431118545
1250 2.920056878502766
1251 2.920065825692849
1252 2.920074261534045
1253 2.920082019515629
1254 2.920089002005459
1255 2.920095185796995
1256 2.920100487697814
1257 2.920104963384028
1258 2.92010865014717
1259 2.920111518428619
1260 2.920113784325966
1261 2.920115480894608
1262 2.920116811809267
1263 2.920117972738637
1264 2.920119214567342
1265 2.920120684824056
1266 2.920122491685675
1267 2.92012481876722
1268 2.920127955074157
1269 2.920132127789905
1270 2.920137450929985
1271 2.920144158624622
1272 2.920152524022599
1273 2.92016274638329
1274 2.920175053028647
1275 2.920189648594081
1276 2.920206793728658
1277 2.920226597878025
1278 2.920249221190747
1279 2.920274852641548
1280 2.920303619205856
1281 2.920335601333759
1282 2.920370801337751
1283 2.920409199593622
1284 2.920450894658991
1285 2.920495717472022
1286 2.920543562468885
1287 2.920594392482039
1288 2.920647994224359
1289 2.920704272493791
1290 2.920763061517885
1291 2.920824143029321
1292 2.920887229197059
1293 2.920952083459344
1294 2.921018358635753
1295 2.921085755801093
1296 2.92115397425554
1297 2.921222705794921
1298 2.921291626068732
1299 2.921360459563226
1300 2.921428953281078
1301 2.921496734208036
1302 2.921563601062991
1303 2.92162934761918
1304 2.921693602842493
1305 2.92175613924014
1306 2.921816747097228
1307 2.921875252126494
1308 2.921931515409726
1309 2.921985437200031
1310 2.922036956403034
1311 2.922086018557182
1312 2.922132531615679
1313 2.922176473191272
1314 2.922217824367312
1315 2.922256600504213
1316 2.922292855777511
1317 2.922326668425305
1318 2.922358069006854
1319 2.922387175092163
1320 2.922414050555342
1321 2.922438743950046
1322 2.922461439303401
1323 2.922482212848421
1324 2.922501167194647
1325 2.922518443476543
1326 2.922534222078199
1327 2.922548532964622
1328 2.922561559325494
1329 2.922573482135099
1330 2.922584334789542
1331 2.92259427892265
1332 2.922603352596942
1333 2.922611680066292
1334 2.922619310848284
1335 2.922626245573812
1336 2.92263268183094
1337 2.922638725375269
1338 2.922644448651344
1339 2.922649925920252
1340 2.922655175165051
1341 2.922660180866508
1342 2.922664975426081
1343 2.922669563872308
1344 2.922674025585843
1345 2.922678435029059
1346 2.922682656992025
1347 2.922686698262238
1348 2.922690507421564
1349 2.922694078883727
1350 2.92269733960426
1351 2.922700364725727
1352 2.922703041930066
1353 2.922705479023022
1354 2.922707619008592
1355 2.922709430803674
1356 2.922710913423919
1357 2.922712044237653
1358 2.922712798876642
1359 2.922713107539735
1360 2.922713047038175
1361 2.922712473989885
1362 2.922711362561599
1363 2.922709679151802
1364 2.922707371454522
1365 2.922704393090033
1366 2.922700744333158
1367 2.922696306784161
1368 2.922691013510214
1369 2.922684870533227
1370 2.9226778337438
1371 2.922669859028938
1372 2.922660974280405
1373 2.922651143888772
1374 2.922640331454718
1375 2.922628459449681
1376 2.92261551232238
1377 2.922601452881718
1378 2.922586271956831
1379 2.922569946287815
1380 2.922552465709433
1381 2.922533806145938
1382 2.92251399174427
1383 2.922493124696451
1384 2.922471143517494
1385 2.922448109564507
1386 2.922424066425555
1387 2.92239906623317
1388 2.922373158407912
1389 2.922346390815997
1390 2.922318822685489
1391 2.922290553919502
1392 2.922261660607198
1393 2.922232297509662
1394 2.922202568446234
1395 2.922172532385254
1396 2.922142354643732
1397 2.922112051641153
1398 2.922081731765202
1399 2.922051509846177
1400 2.922021548766768
1401 2.921991998362027
1402 2.921962972966602
1403 2.921934624910131
1404 2.921907029664399
1405 2.921880377091696
1406 2.921854782807213
1407 2.921830284772945
1408 2.921806999698523
1409 2.921784950164832
1410 2.921764307550132
1411 2.921745197847244
1412 2.921727708184243
1413 2.921711860559699
1414 2.921697796296179
1415 2.921685610724363
1416 2.921675347329088
1417 2.921667063178375
1418 2.921660838725623
1419 2.921656644988702
1420 2.921654594862491
1421 2.921654620243946
1422 2.921656621077843
1423 2.92166062175333
1424 2.92166661677773
1425 2.921674565444984
1426 2.921684525292623
1427 2.921696401386946
1428 2.921710111959425
1429 2.921725666181254
1430 2.921742909291018
1431 2.921761748806484
1432 2.921782067455
1433 2.921803832854914
1434 2.921826960946743
1435 2.921851323445586
1436 2.92187672862247
1437 2.921903078760172
1438 2.921930279634748
1439 2.921958126676896
1440 2.921986454656353
1441 2.922015141401479
1442 2.922044029707057
1443 2.922073087224224
1444 2.922102079572676
1445 2.922130887008328
1446 2.922159551429691
1447 2.922187934189371
1448 2.922215902786188
1449 2.922243351790965
1450 2.922270191573531
1451 2.92229622379142
1452 2.922321306916468
1453 2.922345344602543
1454 2.922368360221635
1455 2.922390163343116
1456 2.922410709031402
1457 2.922429940569085
1458 2.922447828815712
1459 2.922464385554677
1460 2.922479587244147
1461 2.922493390832126
1462 2.92250584602897
1463 2.922516945100485
1464 2.922526756269786
1465 2.922535292371811
1466 2.922542602797408
1467 2.922548699130119
1468 2.922553598183743
1469 2.922557388689013
1470 2.922560188980291
1471 2.922562006204638
1472 2.922562850119889
1473 2.92256284222285
1474 2.922562040269795
1475 2.922560527063469
1476 2.922558392431922
1477 2.922555715879798
1478 2.92255257857617
1479 2.922549062329089
1480 2.922545265820173
1481 2.922541225596159
1482 2.922536978218599
1483 2.922532600639798
1484 2.922528201897079
1485 2.922523868070428
1486 2.922519616647028
1487 2.9225154989181
1488 2.922511571390245
1489 2.922507923640072
1490 2.922504588499479
1491 2.92250161090735
1492 2.922499072508043
1493 2.922497011999533
1494 2.922495542821183
1495 2.922494628797403
1496 2.922494210550671
1497 2.922494403969492
1498 2.922495238954255
1499 2.922496797931799
1500 2.922499019355656
