Node 3 Fatal signal raised sig = Segmentation fault
 dba62420 CX_Primitive_Error
 b586f260 seh_filter_exe
 dbafc230 logical_right_shift
 9f94f4c0 _C_specific_handler
 b8284710 _chkstk
 b8141c30 RtlLocateExtendedFeature
 b82840c0 KiUserExceptionDispatcher
 daec41c0 Setup_Equation_Grouping
 daece0c0 Make_All_Coarse_Levels
 daed3d20 AMG_Solve
 daef0e20 Fill_AMG_Controls_Scalar
 daef0e20 Fill_AMG_Controls_Scalar
 daefbe70 Block_Solve
 daef6ee0 LinearSolve
 dae07f80 RP_AMG_Solve
 dae15530 Multi_Stage
 dae14e50 Solve_Coupled
 d89b8510 Solve_Flow
 d88c1480 Solve_flow_global
 d8124240 Models_Send_update_solve
 d88d8c50 solver_update
 d88d4c30 Flow_Iterate
 d7f5ab00 endMolIntLogFile
 dbae62d0 eval
 d80f74d0 PRF_Command_Start
 d80fa140 PRF_Node_repl
 d8106760 Delay_Error
 dbafc230 logical_right_shift
 b76ae940 BaseThreadInitThunk
 b81a7bf0 RtlUserThreadStart
